Collecting streamlit==1.25.0
  Using cached streamlit-1.25.0-py2.py3-none-any.whl.metadata (8.1 kB)
Collecting altair<6,>=4.0 (from streamlit==1.25.0)
  Using cached altair-5.5.0-py3-none-any.whl.metadata (11 kB)
Collecting blinker<2,>=1.0.0 (from streamlit==1.25.0)
  Using cached blinker-1.9.0-py3-none-any.whl.metadata (1.6 kB)
Collecting cachetools<6,>=4.0 (from streamlit==1.25.0)
  Using cached cachetools-5.5.2-py3-none-any.whl.metadata (5.4 kB)
Collecting click<9,>=7.0 (from streamlit==1.25.0)
  Using cached click-8.3.1-py3-none-any.whl.metadata (2.6 kB)
Collecting importlib-metadata<7,>=1.4 (from streamlit==1.25.0)
  Using cached importlib_metadata-6.11.0-py3-none-any.whl.metadata (4.9 kB)
Collecting numpy<2,>=1.19.3 (from streamlit==1.25.0)
  Using cached numpy-1.26.4-cp314-cp314-win_amd64.whl
Collecting packaging<24,>=16.8 (from streamlit==1.25.0)
  Using cached packaging-23.2-py3-none-any.whl.metadata (3.2 kB)
Collecting pandas<3,>=1.3.0 (from streamlit==1.25.0)
  Using cached pandas-2.3.3-cp314-cp314-win_amd64.whl.metadata (19 kB)
Collecting pillow<10,>=7.1.0 (from streamlit==1.25.0)
  Using cached Pillow-9.5.0.tar.gz (50.5 MB)
  Installing build dependencies: started
  Installing build dependencies: finished with status 'done'
  Getting requirements to build wheel: started
  Getting requirements to build wheel: finished with status 'error'
  error: subprocess-exited-with-error
  
  Getting requirements to build wheel did not run successfully.
  exit code: 1
  
  [24 lines of output]
  Traceback (most recent call last):
    File "C:\downloads\forecast\venv\Lib\site-packages\pip\_vendor\pyproject_hooks\_in_process\_in_process.py", line 389, in <module>
      main()
      ~~~~^^
    File "C:\downloads\forecast\venv\Lib\site-packages\pip\_vendor\pyproject_hooks\_in_process\_in_process.py", line 373, in main
      json_out["return_val"] = hook(**hook_input["kwargs"])
                               ~~~~^^^^^^^^^^^^^^^^^^^^^^^^
    File "C:\downloads\forecast\venv\Lib\site-packages\pip\_vendor\pyproject_hooks\_in_process\_in_process.py", line 143, in get_requires_for_build_wheel
      return hook(config_settings)
    File "C:\Users\CLiu13\AppData\Local\Temp\pip-build-env-899b3ysq\overlay\Lib\site-packages\setuptools\build_meta.py", line 331, in get_requires_for_build_wheel
      return self._get_build_requires(config_settings, requirements=[])
             ~~~~~~~~~~~~~~~~~~~~~~~~^^^^^^^^^^^^^^^^^^^^^^^^^^^^^^^^^^
    File "C:\Users\CLiu13\AppData\Local\Temp\pip-build-env-899b3ysq\overlay\Lib\site-packages\setuptools\build_meta.py", line 301, in _get_build_requires
      self.run_setup()
      ~~~~~~~~~~~~~~^^
    File "C:\Users\CLiu13\AppData\Local\Temp\pip-build-env-899b3ysq\overlay\Lib\site-packages\setuptools\build_meta.py", line 512, in run_setup
      super().run_setup(setup_script=setup_script)
      ~~~~~~~~~~~~~~~~~^^^^^^^^^^^^^^^^^^^^^^^^^^^
    File "C:\Users\CLiu13\AppData\Local\Temp\pip-build-env-899b3ysq\overlay\Lib\site-packages\setuptools\build_meta.py", line 317, in run_setup
      exec(code, locals())
      ~~~~^^^^^^^^^^^^^^^^
    File "<string>", line 29, in <module>
    File "<string>", line 26, in get_version
  KeyError: '__version__'
  [end of output]
  
  note: This error originates from a subprocess, and is likely not a problem with pip.
ERROR: Failed to build 'pillow' when getting requirements to build wheel
